e:\git\abc\plm\x64\debug\vc143.pdb
e:\git\abc\plm\x64\debug\vc143.idb
e:\git\abc\plm\x64\debug\processing.obj
e:\git\abc\plm\x64\debug\main.obj
e:\git\abc\plm\x64\debug\file_reader.obj
e:\git\abc\x64\debug\plm.pdb
e:\git\abc\plm\x64\debug\plm.tlog\cl.command.1.tlog
e:\git\abc\plm\x64\debug\plm.tlog\cl.items.tlog
e:\git\abc\plm\x64\debug\plm.tlog\cl.read.1.tlog
e:\git\abc\plm\x64\debug\plm.tlog\cl.write.1.tlog
e:\git\abc\plm\x64\debug\plm.tlog\link.18316-cvtres.read.1.tlog
e:\git\abc\plm\x64\debug\plm.tlog\link.18316-cvtres.write.1.tlog
e:\git\abc\plm\x64\debug\plm.tlog\link.18316-rc.read.1.tlog
e:\git\abc\plm\x64\debug\plm.tlog\link.18316-rc.write.1.tlog
e:\git\abc\plm\x64\debug\plm.tlog\link.18316.read.1.tlog
e:\git\abc\plm\x64\debug\plm.tlog\link.18316.read.2.tlog
e:\git\abc\plm\x64\debug\plm.tlog\link.18316.write.1.tlog
e:\git\abc\plm\x64\debug\plm.tlog\link.command.1.tlog
e:\git\abc\plm\x64\debug\plm.tlog\link.read.1.tlog
e:\git\abc\plm\x64\debug\plm.tlog\link.write.1.tlog
